Flutter crash report.
Please report a bug at https://github.com/flutter/flutter/issues.

## command

flutter run --machine --start-paused -d chrome --devtools-server-address http://127.0.0.1:9100/ --target D:\Tasya file\SEMESTER 3\MoPro\laporkuyy\laporkuyy\lib\main.dart

## exception

HttpException: HttpException: Connection closed before full header was received, uri = http://localhost:64860/devtools/page/5A0AB86432C6A68D804BC923CC203896

```
```

## flutter doctor

```
[✓] Flutter (Channel stable, 3.24.5, on Microsoft Windows [Version 10.0.22631.4460], locale id-ID)
    • Flutter version 3.24.5 on channel stable at D:\Tasya file\SEMESTER 3\MoPro\PRAKTIKUM\flutter
    • Upstream repository https://github.com/flutter/flutter.git
    • Framework revision dec2ee5c1f (2 weeks ago), 2024-11-13 11:13:06 -0800
    • Engine revision a18df97ca5
    • Dart version 3.5.4
    • DevTools version 2.37.3

[✓] Windows Version (Installed version of Windows is version 10 or higher)

[!] Android toolchain - develop for Android devices (Android SDK version 34.0.0)
    • Android SDK at C:\Users\Lenovo\AppData\Local\Android\sdk
    ✗ cmdline-tools component is missing
      Run `path/to/sdkmanager --install "cmdline-tools;latest"`
      See https://developer.android.com/studio/command-line for more details.
    ✗ Android license status unknown.
      Run `flutter doctor --android-licenses` to accept the SDK licenses.
      See https://flutter.dev/to/windows-android-setup for more details.

[✓] Chrome - develop for the web
    • Chrome at C:\Program Files\Google\Chrome\Application\chrome.exe

[✗] Visual Studio - develop Windows apps
    ✗ Visual Studio not installed; this is necessary to develop Windows apps.
      Download at https://visualstudio.microsoft.com/downloads/.
      Please install the "Desktop development with C++" workload, including all of its default components

[✓] Android Studio (version 2024.1)
    • Android Studio at C:\Program Files\Android\Android Studio
    • Flutter plugin can be installed from:
      🔨 https://plugins.jetbrains.com/plugin/9212-flutter
    • Dart plugin can be installed from:
      🔨 https://plugins.jetbrains.com/plugin/6351-dart
    • Java version OpenJDK Runtime Environment (build 17.0.11+0--11852314)

[✓] VS Code (version 1.95.3)
    • VS Code at C:\Users\Lenovo\AppData\Local\Programs\Microsoft VS Code
    • Flutter extension version 3.100.0

[✓] Connected device (4 available)
    • SM A146P (mobile) • R9CW304RA6F • android-arm64  • Android 14 (API 34)
    • Windows (desktop) • windows     • windows-x64    • Microsoft Windows [Version 10.0.22631.4460]
    • Chrome (web)      • chrome      • web-javascript • Google Chrome 131.0.6778.86
    • Edge (web)        • edge        • web-javascript • Microsoft Edge 131.0.2903.70

[✓] Network resources
    • All expected network resources are available.

! Doctor found issues in 2 categories.
```
